110817 14:05:01  InnoDB: Database was not shut down normally!
InnoDB: Starting crash recovery.
InnoDB: Reading tablespace information from the .ibd files...
InnoDB: Restoring possible half-written data pages from the doublewrite
InnoDB: buffer...
110817 14:05:01  InnoDB: Starting log scan based on checkpoint at
InnoDB: log sequence number 0 132599.
InnoDB: Doing recovery: scanned up to log sequence number 0 132599
110817 14:05:01  InnoDB: Started; log sequence number 0 132599
110817 14:05:02 [Note] F:\PHPMYSQLAPACHE\Mowes\mysql\bin\mysqld-nt.exe: ready for connections.
Version: '5.0.45-community-nt'  socket: ''  port: 3306  MySQL Community Edition (GPL)
110817 14:07:02 [Note] F:\PHPMYSQLAPACHE\Mowes\mysql\bin\mysqld-nt.exe: Normal shutdown

110817 14:17:54  InnoDB: Database was not shut down normally!
InnoDB: Starting crash recovery.
InnoDB: Reading tablespace information from the .ibd files...
InnoDB: Restoring possible half-written data pages from the doublewrite
InnoDB: buffer...
110817 14:17:54  InnoDB: Starting log scan based on checkpoint at
InnoDB: log sequence number 0 132599.
InnoDB: Doing recovery: scanned up to log sequence number 0 132599
110817 14:17:55  InnoDB: Started; log sequence number 0 132599
110817 14:17:57 [Note] F:\PHPMYSQLAPACHE\Mowes\mysql\bin\mysqld-nt.exe: ready for connections.
Version: '5.0.45-community-nt'  socket: ''  port: 3306  MySQL Community Edition (GPL)
110817 14:40:26 [Note] F:\PHPMYSQLAPACHE\Mowes\mysql\bin\mysqld-nt.exe: Normal shutdown

110817 14:40:26  InnoDB: Starting shutdown...
130422 18:52:57  InnoDB: Database was not shut down normally!
InnoDB: Starting crash recovery.
InnoDB: Reading tablespace information from the .ibd files...
InnoDB: Restoring possible half-written data pages from the doublewrite
InnoDB: buffer...
130422 18:52:57  InnoDB: Starting log scan based on checkpoint at
InnoDB: log sequence number 0 156344.
InnoDB: Doing recovery: scanned up to log sequence number 0 156344
130422 18:52:58  InnoDB: Started; log sequence number 0 156344
130513 22:43:28  InnoDB: Database was not shut down normally!
InnoDB: Starting crash recovery.
InnoDB: Reading tablespace information from the .ibd files...
InnoDB: Restoring possible half-written data pages from the doublewrite
InnoDB: buffer...
130513 22:43:28  InnoDB: Starting log scan based on checkpoint at
InnoDB: log sequence number 0 316896.
InnoDB: Doing recovery: scanned up to log sequence number 0 316896
130513 22:43:29  InnoDB: Started; log sequence number 0 316896
130919 15:12:43  InnoDB: Database was not shut down normally!
InnoDB: Starting crash recovery.
InnoDB: Reading tablespace information from the .ibd files...
InnoDB: Restoring possible half-written data pages from the doublewrite
InnoDB: buffer...
130919 15:12:44  InnoDB: Starting log scan based on checkpoint at
InnoDB: log sequence number 0 329293.
InnoDB: Doing recovery: scanned up to log sequence number 0 329293
130919 15:12:45  InnoDB: Started; log sequence number 0 329293
130919 15:18:08  InnoDB: Database was not shut down normally!
InnoDB: Starting crash recovery.
InnoDB: Reading tablespace information from the .ibd files...
InnoDB: Restoring possible half-written data pages from the doublewrite
InnoDB: buffer...
130919 15:18:09  InnoDB: Starting log scan based on checkpoint at
InnoDB: log sequence number 0 329293.
InnoDB: Doing recovery: scanned up to log sequence number 0 329293
130919 15:18:09  InnoDB: Started; log sequence number 0 329293
