090318 14:00:36  InnoDB: Database was not shut down normally!
InnoDB: Starting crash recovery.
InnoDB: Reading tablespace information from the .ibd files...
InnoDB: Restoring possible half-written data pages from the doublewrite
InnoDB: buffer...
090318 14:00:36  InnoDB: Starting log scan based on checkpoint at
InnoDB: log sequence number 0 50325.
InnoDB: Doing recovery: scanned up to log sequence number 0 50325
090318 14:00:36  InnoDB: Started; log sequence number 0 50325
Can't start server: Bind on TCP/IP port: Invalid argument
090318 14:00:36 [ERROR] Do you already have another mysqld server running on port: 3306 ?
090318 14:00:36 [ERROR] Aborting

090318 14:00:36  InnoDB: Starting shutdown...
090318 14:00:39  InnoDB: Shutdown completed; log sequence number 0 50325
090318 14:00:39 [Note] H:\Mowes\mysql\bin\mysqld-nt.exe: Shutdown complete

090318 14:31:55  InnoDB: Started; log sequence number 0 50325
Can't start server: Bind on TCP/IP port: Invalid argument
090318 14:31:55 [ERROR] Do you already have another mysqld server running on port: 3306 ?
090318 14:31:55 [ERROR] Aborting

090318 14:31:55  InnoDB: Starting shutdown...
090318 14:31:57  InnoDB: Shutdown completed; log sequence number 0 50325
090318 14:31:57 [Note] H:\Mowes\mysql\bin\mysqld-nt.exe: Shutdown complete

090318 14:32:07  InnoDB: Started; log sequence number 0 50325
Can't start server: Bind on TCP/IP port: Invalid argument
090318 14:32:07 [ERROR] Do you already have another mysqld server running on port: 3306 ?
090318 14:32:07 [ERROR] Aborting

090318 14:32:07  InnoDB: Starting shutdown...
090318 14:32:09  InnoDB: Shutdown completed; log sequence number 0 50325
090318 14:32:09 [Note] H:\Mowes\mysql\bin\mysqld-nt.exe: Shutdown complete

090318 14:33:38  InnoDB: Started; log sequence number 0 50325
Can't start server: Bind on TCP/IP port: Invalid argument
090318 14:33:38 [ERROR] Do you already have another mysqld server running on port: 3306 ?
090318 14:33:38 [ERROR] Aborting

090318 14:33:38  InnoDB: Starting shutdown...
090318 14:33:40  InnoDB: Shutdown completed; log sequence number 0 50325
090318 14:33:40 [Note] H:\Mowes\mysql\bin\mysqld-nt.exe: Shutdown complete

090318 14:35:45  InnoDB: Started; log sequence number 0 50325
090318 14:35:46 [Note] H:\Mowes\mysql\bin\mysqld-nt.exe: ready for connections.
Version: '5.0.45-community-nt'  socket: ''  port: 3306  MySQL Community Edition (GPL)
