090312 22:04:35  InnoDB: Started; log sequence number 0 43655
090312 22:04:37 [Note] I:\mowes_portable\mysql\bin\mysqld-nt.exe: ready for connections.
Version: '5.0.45-community-nt'  socket: ''  port: 3306  MySQL Community Edition (GPL)
090312 22:07:08 [Note] I:\mowes_portable\mysql\bin\mysqld-nt.exe: Normal shutdown

090312 22:07:08  InnoDB: Starting shutdown...
090312 22:07:16  InnoDB: Started; log sequence number 0 43655
090312 22:07:21 [Note] I:\mowes_portable\mysql\bin\mysqld-nt.exe: ready for connections.
Version: '5.0.45-community-nt'  socket: ''  port: 3306  MySQL Community Edition (GPL)
090312 22:57:33 [Note] I:\mowes_portable\mysql\bin\mysqld-nt.exe: Normal shutdown

090312 22:57:59  InnoDB: Database was not shut down normally!
InnoDB: Starting crash recovery.
InnoDB: Reading tablespace information from the .ibd files...
InnoDB: Restoring possible half-written data pages from the doublewrite
InnoDB: buffer...
090312 22:57:59  InnoDB: Starting log scan based on checkpoint at
InnoDB: log sequence number 0 45549.
InnoDB: Doing recovery: scanned up to log sequence number 0 45549
090312 22:58:00  InnoDB: Started; log sequence number 0 45549
090312 22:58:01 [Note] I:\mowes_portable\mysql\bin\mysqld-nt.exe: ready for connections.
Version: '5.0.45-community-nt'  socket: ''  port: 3306  MySQL Community Edition (GPL)
090312 22:58:07 [Note] I:\mowes_portable\mysql\bin\mysqld-nt.exe: Normal shutdown

090312 22:58:07  InnoDB: Starting shutdown...
090312 23:24:42  InnoDB: Database was not shut down normally!
InnoDB: Starting crash recovery.
InnoDB: Reading tablespace information from the .ibd files...
InnoDB: Restoring possible half-written data pages from the doublewrite
InnoDB: buffer...
090312 23:24:42  InnoDB: Starting log scan based on checkpoint at
InnoDB: log sequence number 0 45549.
InnoDB: Doing recovery: scanned up to log sequence number 0 45549
090312 23:24:42  InnoDB: Started; log sequence number 0 45549
090312 23:24:44 [Note] J:\mowes_portable\mysql\bin\mysqld-nt.exe: ready for connections.
Version: '5.0.45-community-nt'  socket: ''  port: 3306  MySQL Community Edition (GPL)
090312 23:25:08 [Note] J:\mowes_portable\mysql\bin\mysqld-nt.exe: Normal shutdown

090312 23:25:08  InnoDB: Starting shutdown...
090313  0:33:41  InnoDB: Database was not shut down normally!
InnoDB: Starting crash recovery.
InnoDB: Reading tablespace information from the .ibd files...
InnoDB: Restoring possible half-written data pages from the doublewrite
InnoDB: buffer...
090313  0:33:41  InnoDB: Starting log scan based on checkpoint at
InnoDB: log sequence number 0 45549.
InnoDB: Doing recovery: scanned up to log sequence number 0 45549
090313  0:33:41  InnoDB: Started; log sequence number 0 45549
090313  0:33:44 [Note] J:\mowes_portable\mysql\bin\mysqld-nt.exe: ready for connections.
Version: '5.0.45-community-nt'  socket: ''  port: 3306  MySQL Community Edition (GPL)
090313  1:14:03 [Note] J:\mowes_portable\mysql\bin\mysqld-nt.exe: Normal shutdown

090313  1:14:03  InnoDB: Starting shutdown...
